<?xml version="1.0" encoding="UTF-8"?>
<testng-results ignored="0" total="1" passed="1" failed="0" skipped="0">
  <reporter-output>
  </reporter-output>
  <suite started-at="2025-10-01T22:54:39 IST" name="Default suite" finished-at="2025-10-01T22:55:18 IST" duration-ms="39196">
    <groups>
    </groups>
    <test started-at="2025-10-01T22:54:39 IST" name="Default test" finished-at="2025-10-01T22:55:18 IST" duration-ms="39196">
      <class name="com.facebook.tests.SignUpTest">
        <test-method signature="signUpTest()[pri:0, instance:com.facebook.tests.SignUpTest@c730b35]" started-at="2025-10-01T22:54:39 IST" name="signUpTest" finished-at="2025-10-01T22:55:14 IST" duration-ms="34494" status="PASS">
          <reporter-output>
          </reporter-output>
        </test-method> <!-- signUpTest -->
        <test-method is-config="true" signature="closeSignUpPage()[pri:0, instance:com.facebook.tests.SignUpTest@c730b35]" started-at="2025-10-01T22:55:14 IST" name="closeSignUpPage" finished-at="2025-10-01T22:55:18 IST" duration-ms="4564" status="PASS">
          <reporter-output>
          </reporter-output>
        </test-method> <!-- closeSignUpPage -->
      </class> <!-- com.facebook.tests.SignUpTest -->
    </test> <!-- Default test -->
  </suite> <!-- Default suite -->
</testng-results>
