<?xml version="1.0" encoding="UTF-8"?>
<!-- Generated by org.testng.reporters.JUnitXMLReporter -->
<testsuite ignored="1" hostname="MalhariPatil" failures="4" tests="4" name="Test" time="1.326" errors="0" timestamp="2025-10-15T12:22:18 IST">
  <testcase classname="com.facebook.tests.LoginTest" name="getLinks" time="0.764">
    <failure type="java.lang.NullPointerException" message="Cannot invoke &amp;quot;org.openqa.selenium.WebDriver.findElements(org.openqa.selenium.By)&amp;quot; because &amp;quot;this.driver&amp;quot; is null">
      <![CDATA[java.lang.NullPointerException: Cannot invoke "org.openqa.selenium.WebDriver.findElements(org.openqa.selenium.By)" because "this.driver" is null
at com.facebook.pages.LoginPage.getActiveLinks(LoginPage.java:82)
at com.facebook.tests.LoginTest.getLinks(LoginTest.java:43)
at java.base/java.util.ArrayList.forEach(ArrayList.java:1596)
... Removed 25 stack frames]]>
    </failure>
  </testcase> <!-- getLinks -->
  <testcase classname="com.facebook.tests.LoginTest" name="loginTest" time="0.004">
    <failure type="java.lang.NullPointerException" message="Cannot invoke &amp;quot;org.openqa.selenium.WebDriver.findElement(org.openqa.selenium.By)&amp;quot; because &amp;quot;com.facebook.genericPage.CommonMethods.driver&amp;quot; is null">
      <![CDATA[java.lang.NullPointerException: Cannot invoke "org.openqa.selenium.WebDriver.findElement(org.openqa.selenium.By)" because "com.facebook.genericPage.CommonMethods.driver" is null
at com.facebook.genericPage.CommonMethods.clickWebElement(CommonMethods.java:41)
at com.facebook.pages.LoginPage.clickEmail(LoginPage.java:22)
at com.facebook.tests.LoginTest.loginTest(LoginTest.java:20)
at java.base/java.util.ArrayList.forEach(ArrayList.java:1596)
... Removed 25 stack frames]]>
    </failure>
  </testcase> <!-- loginTest -->
  <testcase classname="com.facebook.tests.SignUpTest" name="signUpTitle" time="0.18">
    <failure type="java.lang.NullPointerException" message="Cannot invoke &amp;quot;org.openqa.selenium.WebDriver.getTitle()&amp;quot; because &amp;quot;com.facebook.pages.SignUpPage.driver&amp;quot; is null">
      <![CDATA[java.lang.NullPointerException: Cannot invoke "org.openqa.selenium.WebDriver.getTitle()" because "com.facebook.pages.SignUpPage.driver" is null
at com.facebook.pages.SignUpPage.getPageTitle(SignUpPage.java:19)
at com.facebook.tests.SignUpTest.signUpTitle(SignUpTest.java:58)
at java.base/java.util.ArrayList.forEach(ArrayList.java:1596)
... Removed 25 stack frames]]>
    </failure>
  </testcase> <!-- signUpTitle -->
  <testcase classname="com.facebook.tests.SignUpTest" name="signUpLinks" time="0.009">
    <failure type="java.lang.NullPointerException" message="Cannot invoke &amp;quot;org.openqa.selenium.WebDriver.findElements(org.openqa.selenium.By)&amp;quot; because &amp;quot;com.facebook.pages.SignUpPage.driver&amp;quot; is null">
      <![CDATA[java.lang.NullPointerException: Cannot invoke "org.openqa.selenium.WebDriver.findElements(org.openqa.selenium.By)" because "com.facebook.pages.SignUpPage.driver" is null
at com.facebook.pages.SignUpPage.activeLinksSignUp(SignUpPage.java:109)
at com.facebook.tests.SignUpTest.signUpLinks(SignUpTest.java:68)
at java.base/java.util.ArrayList.forEach(ArrayList.java:1596)
... Removed 25 stack frames]]>
    </failure>
  </testcase> <!-- signUpLinks -->
  <testcase classname="com.facebook.tests.SignUpTest" name="signUpTest" time="0.0">
    <ignored/>
  </testcase> <!-- signUpTest -->
</testsuite> <!-- Test -->
